2019-12-14T16:39:50-05:00,20141.593,54,65,70
2019-12-14T16:39:50-05:00,20415,54,65,70
2019-12-14T16:39:50-05:00,21315,54,65,70
2019-12-14T16:39:50-05:00,22215,54,65,70
2019-12-14T19:29:54-05:00,23115,54,65,70
2019-12-14T19:29:54-05:00,24015,54,63,70
2019-12-14T19:29:54-05:00,24915,54,63,70
2019-12-14T19:29:54-05:00,25815,54,63,70
2019-12-14T19:29:54-05:00,26715,54,63,70
2019-12-14T20:29:43-05:00,27629,54,61,70
2019-12-14T20:29:43-05:00,28515,54,61,70
2019-12-14T20:29:43-05:00,29415,54,61,70
2019-12-14T20:29:43-05:00,30315,54,61,70
2019-12-14T20:29:43-05:00,31215,54,60,70
2019-12-14T20:29:43-05:00,32115,54,60,70
2019-12-14T20:29:43-05:00,33015,54,60,70
2019-12-14T22:29:45-05:00,33915,54,60,70
2019-12-14T22:29:45-05:00,34816,54,59,70
2019-12-14T22:29:45-05:00,35715,54,59,70
2019-12-14T22:29:45-05:00,36615,54,59,70
2019-12-14T23:29:41-05:00,37515,54,59,70
2019-12-14T23:29:41-05:00,38415,54,58,70
2019-12-14T23:29:41-05:00,39315,54,58,70
2019-12-14T23:29:41-05:00,40215,54,58,70
2019-12-15T00:39:50-05:00,41115,54,58,70
2019-12-15T00:39:50-05:00,42015,54,58,70
2019-12-15T00:39:50-05:00,42915,54,58,70
2019-12-15T01:29:40-05:00,43815,54,58,70
2019-12-15T01:29:40-05:00,44715,54,58,70
2019-12-15T01:39:31-05:00,45615,54,56,70
2019-12-15T01:39:31-05:00,46515,54,56,70
2019-12-15T01:39:31-05:00,47415,54,56,70
2019-12-15T01:39:31-05:00,48315,54,56,70
2019-12-15T01:39:31-05:00,49215,54,56,70
2019-12-15T03:14:39-05:00,50115,55,56,70
2019-12-15T03:14:39-05:00,51015,55,56,70
2019-12-15T03:29:48-05:00,51915,55,56,70
2019-12-15T03:29:48-05:00,52815,55,54,70
2019-12-15T03:29:48-05:00,53715,55,54,70
2019-12-15T03:29:48-05:00,54615,55,54,70
2019-12-15T04:39:48-05:00,55523,55,54,70
2019-12-15T04:39:48-05:00,56415,55,55,70
2019-12-15T04:39:48-05:00,57315,55,55,70
2019-12-15T04:39:48-05:00,58215,55,55,70
2019-12-15T04:39:48-05:00,59115,55,55,70
2019-12-15T04:39:48-05:00,60015,55,55,70
2019-12-15T04:39:48-05:00,60915,55,55,70
2019-12-15T04:39:48-05:00,61815,55,55,70
2019-12-15T04:39:48-05:00,62715,55,55,70
2019-12-15T04:39:48-05:00,63615,55,55,70
2019-12-15T04:39:48-05:00,64515,55,55,70
2019-12-15T04:39:48-05:00,65415,55,55,70
2019-12-15T04:39:48-05:00,66315,55,55,70
2019-12-15T04:39:48-05:00,67215,55,55,70
2019-12-15T04:39:48-05:00,68115,55,55,70
2019-12-15T08:29:52-05:00,69015,55,55,70
2019-12-15T08:29:52-05:00,69915,55,55,70
2019-12-15T08:29:52-05:00,70815,55,59,70
2019-12-15T08:29:52-05:00,71715,55,59,70
2019-12-15T08:29:52-05:00,72615,55,59,70
2019-12-15T08:29:52-05:00,73515,55,59,70
2019-12-15T08:29:52-05:00,74415,55,64,70
2019-12-15T08:29:52-05:00,75315,55,64,70
2019-12-15T08:29:52-05:00,76229,55,64,70
2019-12-15T08:29:52-05:00,77115,55,64,70
2019-12-15T08:29:52-05:00,78015,55,67,70
2019-12-15T08:29:52-05:00,78915,55,67,70
2019-12-15T08:29:52-05:00,79815,55,67,70
2019-12-15T08:29:52-05:00,80715,55,67,70
2019-12-15T08:29:52-05:00,81615,55,71,70
2019-12-15T08:29:52-05:00,82515,55,71,70
2019-12-15T08:29:52-05:00,82937,55,71,70
2019-12-15T08:29:52-05:00,82982,55,71,70
2019-12-15T08:29:52-05:00,83048,55,71,70
2019-12-15T08:29:52-05:00,83100,55,71,70
2019-12-15T08:29:52-05:00,83415,55,71,70
2019-12-15T08:29:52-05:00,84315,55,71,70
2019-12-15T12:40:19-05:00,85215,55,73,70
2019-12-15T12:40:19-05:00,86115,55,73,70
2019-12-15T12:40:19-05:00,87015,55,73,70
2019-12-15T12:40:19-05:00,87915,55,73,70
2019-12-15T12:40:19-05:00,88816,55,76,70
2019-12-15T14:14:51-05:00,89715,56,76,69
2019-12-15T14:14:51-05:00,90615,56,76,69
2019-12-15T14:14:51-05:00,91515,56,76,69
2019-12-15T14:14:51-05:00,92415,56,77,69
2019-12-15T14:14:51-05:00,93315,56,77,69
2019-12-15T14:14:51-05:00,94215,56,77,69
2019-12-15T14:14:51-05:00,95115,56,77,69
2019-12-15T14:14:51-05:00,96015,56,76,69
2019-12-15T14:14:51-05:00,96915,56,76,69
2019-12-15T14:14:51-05:00,97815,56,76,69
2019-12-15T14:14:51-05:00,98715,56,76,69
2019-12-15T16:39:48-05:00,99615,48,73,67
2019-12-15T16:39:48-05:00,100515,48,73,67
2019-12-15T16:39:48-05:00,101415,48,73,67
2019-12-15T16:39:48-05:00,102315,48,73,67
2019-12-15T16:39:48-05:00,103215,48,68,67
2019-12-15T16:39:48-05:00,104115,48,68,67
2019-12-15T16:39:48-05:00,105015,48,68,67
2019-12-15T16:39:48-05:00,105915,48,68,67
2019-12-15T16:39:48-05:00,106816,48,65,67
2019-12-15T16:39:48-05:00,107715,48,65,67
2019-12-15 19:37:11.243440,2019-12-15T16:39:48-05:00,108455,48,65,67
2019-12-15 19:39:50.608714,2019-12-15T16:39:48-05:00,108615,48,65,67
2019-12-15 19:54:50.837557,2019-12-15T19:30:00-05:00,109515,48,65,67
2019-12-15 20:09:51.105674,2019-12-15T19:30:00-05:00,110415,48,63,67
2019-12-15 20:24:50.839060,2019-12-15T19:30:00-05:00,111315,48,63,67
2019-12-15 20:39:52.190387,2019-12-15T19:30:00-05:00,112216,48,63,67
2019-12-15 20:54:50.765440,2019-12-15T19:30:00-05:00,113115,48,63,67
2019-12-15 21:09:51.513866,2019-12-15T20:30:19-05:00,114016,48,63,67
2019-12-15 21:24:50.789822,2019-12-15T20:30:19-05:00,114915,48,63,67
2019-12-15 21:39:50.842110,2019-12-15T21:29:41-05:00,115815,48,63,67
2019-12-15 21:54:50.740664,2019-12-15T21:29:41-05:00,116715,48,63,67
2019-12-15 22:10:05.002275,2019-12-15T21:29:41-05:00,117629,48,62,67
2019-12-15 22:24:50.657533,2019-12-15T21:29:41-05:00,118515,48,62,67
2019-12-15 22:33:56.341047,2019-12-15T21:29:41-05:00,119060,58,62,82
2019-12-15 22:35:52.957796,2019-12-15T21:29:41-05:00,119177,58,62,82
